\BOOKMARK [0][-]{chapter.1}{\376\377\000W\000s\000t\001\031\000p}{}% 1
\BOOKMARK [1][-]{section.1.1}{\376\377\000W\000p\000r\000o\000w\000a\000d\000z\000e\000n\000i\000e}{chapter.1}% 2
\BOOKMARK [1][-]{section.1.2}{\376\377\000M\000o\000t\000y\000w\000a\000c\000j\000a}{chapter.1}% 3
\BOOKMARK [1][-]{section.1.3}{\376\377\000C\000e\000l\000\040\000p\000r\000a\000c\000y}{chapter.1}% 4
\BOOKMARK [1][-]{section.1.4}{\376\377\000S\000t\000r\000u\000k\000t\000u\000r\000a\000\040\000p\000r\000a\000c\000y}{chapter.1}% 5
\BOOKMARK [0][-]{chapter.2}{\376\377\000W\000y\000k\000o\000r\000z\000y\000s\000t\000a\000n\000y\000\040\000s\000p\000r\000z\001\031\000t\000\040\000i\000\040\000n\000a\000r\000z\001\031\000d\000z\000i\000a}{}% 6
\BOOKMARK [1][-]{section.2.1}{\376\377\000R\000o\000b\000o\000t\000\040\000I\000R\000p\000-\0006}{chapter.2}% 7
\BOOKMARK [1][-]{section.2.2}{\376\377\000R\000o\000b\000o\000t\000\040\000V\000e\000l\000m\000a}{chapter.2}% 8
\BOOKMARK [1][-]{section.2.3}{\376\377\000O\000p\000r\000o\000g\000r\000a\000m\000o\000w\000a\000n\000i\000e\000\040\000b\000a\000z\000o\000w\000e}{chapter.2}% 9
\BOOKMARK [2][-]{subsection.2.3.1}{\376\377\000R\000O\000S}{section.2.3}% 10
\BOOKMARK [2][-]{subsection.2.3.2}{\376\377\000O\000p\000e\000n\000\040\000R\000o\000b\000o\000t\000\040\000C\000o\000n\000t\000r\000o\000l\000\040\000S\000o\000f\000t\000w\000a\000r\000e}{section.2.3}% 11
\BOOKMARK [2][-]{subsection.2.3.3}{\376\377\000C\000o\000n\000n\000m\000a\000n}{section.2.3}% 12
\BOOKMARK [2][-]{subsection.2.3.4}{\376\377\000R\000v\000i\000z}{section.2.3}% 13
\BOOKMARK [2][-]{subsection.2.3.5}{\376\377\000G\000a\000z\000e\000b\000o}{section.2.3}% 14
\BOOKMARK [1][-]{section.2.4}{\376\377\000S\000y\000s\000t\000e\000m\000\040\000I\000r\000p\000O\000S}{chapter.2}% 15
\BOOKMARK [1][-]{section.2.5}{\376\377\000S\000y\000s\000t\000e\000m\000\040\000V\000e\000l\000m\000O\000S}{chapter.2}% 16
\BOOKMARK [2][-]{subsection.2.5.1}{\376\377\000r\000q\000t\000\137\000a\000g\000e\000n\000t}{section.2.5}% 17
\BOOKMARK [2][-]{subsection.2.5.2}{\376\377\000s\000h\000o\000w\000\137\000c\000o\000l\000l\000i\000s\000i\000o\000n\000s}{section.2.5}% 18
\BOOKMARK [2][-]{subsection.2.5.3}{\376\377\000s\000h\000o\000w\000\137\000j\000o\000i\000n\000t\000s}{section.2.5}% 19
\BOOKMARK [1][-]{section.2.6}{\376\377\000A\000l\000g\000o\000r\000y\000t\000m\000y}{chapter.2}% 20
